<?xml version="1.0" encoding="UTF-8"?>
<!-- Generated by org.testng.reporters.JUnitReportReporter -->
<testsuite skipped="1" hostname="DESKTOP-T3EO6I8" name="com.qa.hubspot.tests.LoginPageTest" tests="4" failures="0" timestamp="21 Feb 2020 17:05:23 GMT" time="24.503" errors="0">
  <testcase name="verifyLoginPageTitleTest" time="7.146" classname="com.qa.hubspot.tests.LoginPageTest"/>
  <testcase name="verifySignUpLinkTest" time="2.694" classname="com.qa.hubspot.tests.LoginPageTest"/>
  <testcase name="loginTest" time="14.663" classname="com.qa.hubspot.tests.LoginPageTest"/>
  <testcase name="login_InvalidTestCases" classname="com.qa.hubspot.tests.LoginPageTest">
    <skipped/>
  </testcase> <!-- login_InvalidTestCases -->
</testsuite> <!-- com.qa.hubspot.tests.LoginPageTest -->
