<?xml version="1.0" encoding="UTF-8"?>
<!-- Generated by org.testng.reporters.JUnitReportReporter -->
<testsuite skipped="1" hostname="DESKTOP-T3EO6I8" name="com.qa.hubspot.tests.LoginPageTest" tests="4" failures="0" timestamp="11 Feb 2020 15:57:27 GMT" time="19.526" errors="0">
  <testcase name="verifyLoginPageTitleTest" time="5.167" classname="com.qa.hubspot.tests.LoginPageTest"/>
  <testcase name="verifySignUpLinkTest" time="1.853" classname="com.qa.hubspot.tests.LoginPageTest"/>
  <testcase name="loginTest" time="12.506" classname="com.qa.hubspot.tests.LoginPageTest"/>
  <testcase name="login_InvalidTestCases" classname="com.qa.hubspot.tests.LoginPageTest">
    <skipped/>
  </testcase> <!-- login_InvalidTestCases -->
</testsuite> <!-- com.qa.hubspot.tests.LoginPageTest -->
